<?xml version="1.0" encoding="UTF-8"?>
<!-- Generated by org.testng.reporters.JUnitXMLReporter -->
<testsuite hostname="DESKTOP-320Q1I8" name="Default test" tests="1" failures="1" timestamp="16 Aug 2020 14:57:14 GMT" time="17.265" errors="0">
  <testcase name="feature" time="15.514" classname="bdd.runners.RunnerClass">
    <failure type="cucumber.runtime.CucumberException" message="org.openqa.selenium.SessionNotCreatedException: session not created
from chrome not reachable
  (Session info: chrome=84.0.4147.125)
Build info: version: &amp;apos;3.12.0&amp;apos;, revision: &amp;apos;7c6e0b3&amp;apos;, time: &amp;apos;2018-05-08T14:04:26.12Z&amp;apos;
System info: host: &amp;apos;DESKTOP-320Q1I8&amp;apos;, ip: &amp;apos;192.168.221.1&amp;apos;, os.name: &amp;apos;Windows 10&amp;apos;, os.arch: &amp;apos;amd64&amp;apos;, os.version: &amp;apos;10.0&amp;apos;, java.version: &amp;apos;1.8.0_241&amp;apos;
Driver info: driver.version: ChromeDriver
remote stacktrace: Backtrace:
	Ordinal0 [0x00E89563+2725219]
	Ordinal0 [0x00D88551+1672529]
	Ordinal0 [0x00C70202+524802]
	Ordinal0 [0x00C699B2+498098]
	Ordinal0 [0x00C6A09B+499867]
	Ordinal0 [0x00C6AFF5+503797]
	Ordinal0 [0x00C66994+485780]
	Ordinal0 [0x00C70FF0+528368]
	Ordinal0 [0x00C1D6C9+186057]
	Ordinal0 [0x00C1CA3D+182845]
	Ordinal0 [0x00C1A94B+174411]
	Ordinal0 [0x00C02528+75048]
	Ordinal0 [0x00C035A0+79264]
	Ordinal0 [0x00C03539+79161]
	Ordinal0 [0x00D9D607+1758727]
	GetHandleVerifier [0x00FA6546+1050150]
	GetHandleVerifier [0x00FA6291+1049457]
	GetHandleVerifier [0x00FB10D7+1094071]
	GetHandleVerifier [0x00FA6B46+1051686]
	Ordinal0 [0x00D95B06+1727238]
	Ordinal0 [0x00D9EB7B+1764219]
	Ordinal0 [0x00D9ECE3+1764579]
	Ordinal0 [0x00DB4C05+1854469]
	BaseThreadInitThunk [0x75186359+25]
	RtlGetAppContainerNamedObjectPath [0x77287C24+228]
	RtlGetAppContainerNamedObjectPath [0x77287BF4+180]
">
      <![CDATA[cucumber.runtime.CucumberException: org.openqa.selenium.SessionNotCreatedException: session not created
from chrome not reachable
  (Session info: chrome=84.0.4147.125)
Build info: version: '3.12.0', revision: '7c6e0b3', time: '2018-05-08T14:04:26.12Z'
System info: host: 'DESKTOP-320Q1I8', ip: '192.168.221.1', os.name: 'Windows 10', os.arch: 'amd64', os.version: '10.0', java.version: '1.8.0_241'
Driver info: driver.version: ChromeDriver
remote stacktrace: Backtrace:
	Ordinal0 [0x00E89563+2725219]
	Ordinal0 [0x00D88551+1672529]
	Ordinal0 [0x00C70202+524802]
	Ordinal0 [0x00C699B2+498098]
	Ordinal0 [0x00C6A09B+499867]
	Ordinal0 [0x00C6AFF5+503797]
	Ordinal0 [0x00C66994+485780]
	Ordinal0 [0x00C70FF0+528368]
	Ordinal0 [0x00C1D6C9+186057]
	Ordinal0 [0x00C1CA3D+182845]
	Ordinal0 [0x00C1A94B+174411]
	Ordinal0 [0x00C02528+75048]
	Ordinal0 [0x00C035A0+79264]
	Ordinal0 [0x00C03539+79161]
	Ordinal0 [0x00D9D607+1758727]
	GetHandleVerifier [0x00FA6546+1050150]
	GetHandleVerifier [0x00FA6291+1049457]
	GetHandleVerifier [0x00FB10D7+1094071]
	GetHandleVerifier [0x00FA6B46+1051686]
	Ordinal0 [0x00D95B06+1727238]
	Ordinal0 [0x00D9EB7B+1764219]
	Ordinal0 [0x00D9ECE3+1764579]
	Ordinal0 [0x00DB4C05+1854469]
	BaseThreadInitThunk [0x75186359+25]
	RtlGetAppContainerNamedObjectPath [0x77287C24+228]
	RtlGetAppContainerNamedObjectPath [0x77287BF4+180]

	at cucumber.api.testng.TestNGCucumberRunner.runCucumber(TestNGCucumberRunner.java:69)
	at cucumber.api.testng.AbstractTestNGCucumberTests.feature(AbstractTestNGCucumberTests.java:21)
	at sun.reflect.NativeMethodAccessorImpl.invoke0(Native Method)
	at sun.reflect.NativeMethodAccessorImpl.invoke(NativeMethodAccessorImpl.java:62)
	at sun.reflect.DelegatingMethodAccessorImpl.invoke(DelegatingMethodAccessorImpl.java:43)
	at java.lang.reflect.Method.invoke(Method.java:498)
	at org.testng.internal.MethodInvocationHelper.invokeMethod(MethodInvocationHelper.java:80)
	at org.testng.internal.Invoker.invokeMethod(Invoker.java:714)
	at org.testng.internal.Invoker.invokeTestMethod(Invoker.java:901)
	at org.testng.internal.Invoker.invokeTestMethods(Invoker.java:1231)
	at org.testng.internal.TestMethodWorker.invokeTestMethods(TestMethodWorker.java:127)
	at org.testng.internal.TestMethodWorker.run(TestMethodWorker.java:111)
	at org.testng.TestRunner.privateRun(TestRunner.java:767)
	at org.testng.TestRunner.run(TestRunner.java:617)
	at org.testng.SuiteRunner.runTest(SuiteRunner.java:334)
	at org.testng.SuiteRunner.runSequentially(SuiteRunner.java:329)
	at org.testng.SuiteRunner.privateRun(SuiteRunner.java:291)
	at org.testng.SuiteRunner.run(SuiteRunner.java:240)
	at org.testng.SuiteRunnerWorker.runSuite(SuiteRunnerWorker.java:52)
	at org.testng.SuiteRunnerWorker.run(SuiteRunnerWorker.java:86)
	at org.testng.TestNG.runSuitesSequentially(TestNG.java:1198)
	at org.testng.TestNG.runSuitesLocally(TestNG.java:1123)
	at org.testng.TestNG.run(TestNG.java:1031)
	at org.testng.remote.AbstractRemoteTestNG.run(AbstractRemoteTestNG.java:114)
	at org.testng.remote.RemoteTestNG.initAndRun(RemoteTestNG.java:251)
	at org.testng.remote.RemoteTestNG.main(RemoteTestNG.java:77)
Caused by: org.openqa.selenium.SessionNotCreatedException: session not created
from chrome not reachable
  (Session info: chrome=84.0.4147.125)
Build info: version: '3.12.0', revision: '7c6e0b3', time: '2018-05-08T14:04:26.12Z'
System info: host: 'DESKTOP-320Q1I8', ip: '192.168.221.1', os.name: 'Windows 10', os.arch: 'amd64', os.version: '10.0', java.version: '1.8.0_241'
Driver info: driver.version: ChromeDriver
remote stacktrace: Backtrace:
	Ordinal0 [0x00E89563+2725219]
	Ordinal0 [0x00D88551+1672529]
	Ordinal0 [0x00C70202+524802]
	Ordinal0 [0x00C699B2+498098]
	Ordinal0 [0x00C6A09B+499867]
	Ordinal0 [0x00C6AFF5+503797]
	Ordinal0 [0x00C66994+485780]
	Ordinal0 [0x00C70FF0+528368]
	Ordinal0 [0x00C1D6C9+186057]
	Ordinal0 [0x00C1CA3D+182845]
	Ordinal0 [0x00C1A94B+174411]
	Ordinal0 [0x00C02528+75048]
	Ordinal0 [0x00C035A0+79264]
	Ordinal0 [0x00C03539+79161]
	Ordinal0 [0x00D9D607+1758727]
	GetHandleVerifier [0x00FA6546+1050150]
	GetHandleVerifier [0x00FA6291+1049457]
	GetHandleVerifier [0x00FB10D7+1094071]
	GetHandleVerifier [0x00FA6B46+1051686]
	Ordinal0 [0x00D95B06+1727238]
	Ordinal0 [0x00D9EB7B+1764219]
	Ordinal0 [0x00D9ECE3+1764579]
	Ordinal0 [0x00DB4C05+1854469]
	BaseThreadInitThunk [0x75186359+25]
	RtlGetAppContainerNamedObjectPath [0x77287C24+228]
	RtlGetAppContainerNamedObjectPath [0x77287BF4+180]

	at sun.reflect.NativeConstructorAccessorImpl.newInstance0(Native Method)
	at sun.reflect.NativeConstructorAccessorImpl.newInstance(NativeConstructorAccessorImpl.java:62)
	at sun.reflect.DelegatingConstructorAccessorImpl.newInstance(DelegatingConstructorAccessorImpl.java:45)
	at java.lang.reflect.Constructor.newInstance(Constructor.java:423)
	at org.openqa.selenium.remote.W3CHandshakeResponse.lambda$new$0(W3CHandshakeResponse.java:57)
	at org.openqa.selenium.remote.W3CHandshakeResponse.lambda$getResponseFunction$2(W3CHandshakeResponse.java:104)
	at org.openqa.selenium.remote.ProtocolHandshake.lambda$createSession$0(ProtocolHandshake.java:123)
	at java.util.stream.ReferencePipeline$3$1.accept(ReferencePipeline.java:193)
	at java.util.Spliterators$ArraySpliterator.tryAdvance(Spliterators.java:958)
	at java.util.stream.ReferencePipeline.forEachWithCancel(ReferencePipeline.java:126)
	at java.util.stream.AbstractPipeline.copyIntoWithCancel(AbstractPipeline.java:499)
	at java.util.stream.AbstractPipeline.copyInto(AbstractPipeline.java:486)
	at java.util.stream.AbstractPipeline.wrapAndCopyInto(AbstractPipeline.java:472)
	at java.util.stream.FindOps$FindOp.evaluateSequential(FindOps.java:152)
	at java.util.stream.AbstractPipeline.evaluate(AbstractPipeline.java:234)
	at java.util.stream.ReferencePipeline.findFirst(ReferencePipeline.java:464)
	at org.openqa.selenium.remote.ProtocolHandshake.createSession(ProtocolHandshake.java:126)
	at org.openqa.selenium.remote.ProtocolHandshake.createSession(ProtocolHandshake.java:73)
	at org.openqa.selenium.remote.HttpCommandExecutor.execute(HttpCommandExecutor.java:136)
	at org.openqa.selenium.remote.service.DriverCommandExecutor.execute(DriverCommandExecutor.java:83)
	at org.openqa.selenium.remote.RemoteWebDriver.execute(RemoteWebDriver.java:543)
	at org.openqa.selenium.remote.RemoteWebDriver.startSession(RemoteWebDriver.java:207)
	at org.openqa.selenium.remote.RemoteWebDriver.<init>(RemoteWebDriver.java:130)
	at org.openqa.selenium.chrome.ChromeDriver.<init>(ChromeDriver.java:181)
	at org.openqa.selenium.chrome.ChromeDriver.<init>(ChromeDriver.java:168)
	at org.openqa.selenium.chrome.ChromeDriver.<init>(ChromeDriver.java:157)
	at bdd.utilities.SetupDrivers.setupDriver(SetupDrivers.java:20)
	at bdd.utilities.BeforeActions.beforeActions(BeforeActions.java:12)
	at sun.reflect.NativeMethodAccessorImpl.invoke0(Native Method)
	at sun.reflect.NativeMethodAccessorImpl.invoke(NativeMethodAccessorImpl.java:62)
	at sun.reflect.DelegatingMethodAccessorImpl.invoke(DelegatingMethodAccessorImpl.java:43)
	at java.lang.reflect.Method.invoke(Method.java:498)
	at cucumber.runtime.Utils$1.call(Utils.java:37)
	at cucumber.runtime.Timeout.timeout(Timeout.java:13)
	at cucumber.runtime.Utils.invoke(Utils.java:31)
	at cucumber.runtime.java.JavaHookDefinition.execute(JavaHookDefinition.java:60)
	at cucumber.runtime.Runtime.runHookIfTagsMatch(Runtime.java:223)
	at cucumber.runtime.Runtime.runHooks(Runtime.java:211)
	at cucumber.runtime.Runtime.runBeforeHooks(Runtime.java:201)
	at cucumber.runtime.model.CucumberScenario.run(CucumberScenario.java:40)
	at cucumber.runtime.model.CucumberScenarioOutline.run(CucumberScenarioOutline.java:46)
	at cucumber.runtime.model.CucumberFeature.run(CucumberFeature.java:165)
	at cucumber.api.testng.TestNGCucumberRunner.runCucumber(TestNGCucumberRunner.java:63)
	... 25 more
]]>
    </failure>
  </testcase> <!-- feature -->
</testsuite> <!-- Default test -->
