<?xml version="1.0" encoding="UTF-8"?>
<testng-results skipped="0" failed="0" total="1" passed="1">
  <reporter-output>
  </reporter-output>
  <suite name="Default suite" duration-ms="11121" started-at="2020-07-12T16:59:46Z" finished-at="2020-07-12T16:59:57Z">
    <groups>
      <group name="cucumber">
        <method signature="AbstractTestNGCucumberTests.feature(cucumber.api.testng.CucumberFeatureWrapper)[pri:0, instance:bdd.runners.RunnerClass@5c3bd550]" name="feature" class="cucumber.api.testng.AbstractTestNGCucumberTests"/>
      </group> <!-- cucumber -->
    </groups>
    <test name="Default test" duration-ms="11121" started-at="2020-07-12T16:59:46Z" finished-at="2020-07-12T16:59:57Z">
      <class name="bdd.runners.RunnerClass">
        <test-method status="PASS" signature="setUpClass()[pri:0, instance:bdd.runners.RunnerClass@5c3bd550]" name="setUpClass" is-config="true" duration-ms="514" started-at="2020-07-12T12:59:46Z" finished-at="2020-07-12T12:59:46Z">
          <reporter-output>
          </reporter-output>
        </test-method> <!-- setUpClass -->
        <test-method status="PASS" signature="feature(cucumber.api.testng.CucumberFeatureWrapper)[pri:0, instance:bdd.runners.RunnerClass@5c3bd550]" name="feature" duration-ms="9942" started-at="2020-07-12T12:59:47Z" description="Runs Cucumber Feature" data-provider="features" finished-at="2020-07-12T12:59:56Z">
          <params>
            <param index="0">
              <value>
                <![CDATA[Users ability to create account]]>
              </value>
            </param>
          </params>
          <reporter-output>
          </reporter-output>
        </test-method> <!-- feature -->
        <test-method status="PASS" signature="writeExtentReport()[pri:0, instance:bdd.runners.RunnerClass@5c3bd550]" name="writeExtentReport" is-config="true" duration-ms="20" started-at="2020-07-12T12:59:56Z" finished-at="2020-07-12T12:59:57Z">
          <reporter-output>
          </reporter-output>
        </test-method> <!-- writeExtentReport -->
        <test-method status="PASS" signature="tearDownClass()[pri:0, instance:bdd.runners.RunnerClass@5c3bd550]" name="tearDownClass" is-config="true" duration-ms="508" started-at="2020-07-12T12:59:57Z" finished-at="2020-07-12T12:59:57Z">
          <reporter-output>
          </reporter-output>
        </test-method> <!-- tearDownClass -->
      </class> <!-- bdd.runners.RunnerClass -->
    </test> <!-- Default test -->
  </suite> <!-- Default suite -->
</testng-results>
